0
3 228 84 169
0
0
0
0
0
0
0
0
0
0
0
0
0
0
0
0
0
0
0
0
0
12 133 225 63 129 91 282 121 117 195 83 279 178
0
0
0
0
0
0
0
0
20 216 212 148 260 285 60 226 39 102 202 295 163 23 124 255 292 155 120 233 151
16 0 85 162 203 218 261 230 204 68 298 140 138 106 154 97 77
10 180 103 294 137 15 213 281 157 236 10
18 7 246 276 290 187 57 241 82 27 283 118 98 223 55 142 30 69 257
14 136 227 56 38 232 128 244 11 235 250 152 262 189 165
9 95 18 200 245 174 50 89 242 208
8 224 239 253 197 205 104 47 135
12 214 217 207 48 101 16 196 141 215 123 173 132
6 209 90 201 126 272 274
8 177 147 93 5 78 280 1 211
2 192 288
1 256
3 206 37 153
2 278 149
0
0
0
0
0
0
0
0
0
0
0
0
0
0
16 75 259 273 79 188 29 28 146 158 191 22 6 25 265 145 297
10 3 61 73 42 119 112 12 176 143 247
0
0
0
0
0
0
0
0
0
0
0
0
0
0
0
0
0
0
1 59
0
0
0
0
0
0
0
17 296 249 159 127 74 156 96 14 111 160 131 139 31 182 240 49 183
0
12 21 284 271 170 237 76 287 248 266 71 229 94
0
0
0
0
0
0
0
0
0 
